<?xml version="1.0" encoding="UTF-8"?>
<testsuite name="ru.nsu.chepenkov.graph.AdjacencyMatrixTest" tests="4" skipped="0" failures="0" errors="0" timestamp="2024-10-15T07:05:00" hostname="HONOR_MIRACLE" time="0.041">
  <properties/>
  <testcase name="AdjacencyMatrixTestConstructor" classname="ru.nsu.chepenkov.graph.AdjacencyMatrixTest" time="0.022"/>
  <testcase name="AdjacencyMatrixTestAddVertex" classname="ru.nsu.chepenkov.graph.AdjacencyMatrixTest" time="0.008"/>
  <testcase name="AdjacencyMatrixTestAddEdge" classname="ru.nsu.chepenkov.graph.AdjacencyMatrixTest" time="0.004"/>
  <testcase name="AdjacencyMatrixTestDelVertex" classname="ru.nsu.chepenkov.graph.AdjacencyMatrixTest" time="0.003"/>
  <system-out><![CDATA[]]></system-out>
  <system-err><![CDATA[]]></system-err>
</testsuite>
