<?xml version="1.0" encoding="UTF-8"?>
<testsuite name="ru.nsu.chepenkov.hashtable.HashTableTest" tests="9" skipped="0" failures="0" errors="0" timestamp="2024-11-05T09:03:44" hostname="HONOR_MIRACLE" time="0.096">
  <properties/>
  <testcase name="HashTableTestBigSize" classname="ru.nsu.chepenkov.hashtable.HashTableTest" time="0.063"/>
  <testcase name="HashTableTestUpdateNoSuchElement" classname="ru.nsu.chepenkov.hashtable.HashTableTest" time="0.003"/>
  <testcase name="HashTableTestOneElementTest" classname="ru.nsu.chepenkov.hashtable.HashTableTest" time="0.001"/>
  <testcase name="HashTableTestEqualKeys" classname="ru.nsu.chepenkov.hashtable.HashTableTest" time="0.002"/>
  <testcase name="HashTableTestEquals" classname="ru.nsu.chepenkov.hashtable.HashTableTest" time="0.003"/>
  <testcase name="HashTableTestRemove" classname="ru.nsu.chepenkov.hashtable.HashTableTest" time="0.002"/>
  <testcase name="HashTableTestUpdate" classname="ru.nsu.chepenkov.hashtable.HashTableTest" time="0.004"/>
  <testcase name="HashTableTestConcurrentModificationException" classname="ru.nsu.chepenkov.hashtable.HashTableTest" time="0.004"/>
  <testcase name="HashTableTestIterator" classname="ru.nsu.chepenkov.hashtable.HashTableTest" time="0.001"/>
  <system-out><![CDATA[]]></system-out>
  <system-err><![CDATA[]]></system-err>
</testsuite>
