<?xml version="1.0" encoding="UTF-8"?>
<testsuite name="ru.nsu.chepenkov.parser.ParserTest" tests="2" skipped="0" failures="0" errors="0" timestamp="2024-10-10T04:54:12" hostname="HONOR_MIRACLE" time="0.037">
  <properties/>
  <testcase name="parserTestEval" classname="ru.nsu.chepenkov.parser.ParserTest" time="0.034"/>
  <testcase name="ParserTestLongEval" classname="ru.nsu.chepenkov.parser.ParserTest" time="0.001"/>
  <system-out><![CDATA[]]></system-out>
  <system-err><![CDATA[]]></system-err>
</testsuite>
